{"level":"error","message":"Failed to start bot: 404: Not Found","on":{"method":"getMe","payload":{}},"response":{"description":"Not Found","error_code":404,"ok":false},"stack":"Error: 404: Not Found\n    at Telegram.callApi (D:\\Learn\\Solana\\bloom-TG-bot\\node_modules\\telegraf\\lib\\core\\network\\client.js:315:19)\n    at process.processTicksAndRejections (node:internal/process/task_queues:95:5)\n    at async Telegraf.launch (D:\\Learn\\Solana\\bloom-TG-bot\\node_modules\\telegraf\\lib\\telegraf.js:188:78)","timestamp":"2025-09-30 16:51:51"}
{"level":"info","message":"Incoming update from user 7575317047 (Solove_77)","timestamp":"2025-09-30 16:54:30"}
{"level":"info","message":"New user initialized: 7575317047 (Solove_77)","timestamp":"2025-09-30 16:54:30"}
{"level":"info","message":"Response time: 503ms","timestamp":"2025-09-30 16:54:30"}
{"level":"info","message":"Incoming update from user 7779629571 (gennywealf)","timestamp":"2025-09-30 16:56:00"}
{"level":"info","message":"New user initialized: 7779629571 (gennywealf)","timestamp":"2025-09-30 16:56:00"}
{"level":"info","message":"Response time: 478ms","timestamp":"2025-09-30 16:56:01"}
{"level":"info","message":"Incoming update from user 7779629571 (gennywealf)","timestamp":"2025-09-30 16:56:05"}
{"level":"info","message":"Response time: 3ms","timestamp":"2025-09-30 16:56:05"}
{"level":"info","message":"Incoming update from user 7779629571 (gennywealf)","timestamp":"2025-09-30 16:56:14"}
{"level":"info","message":"New wallet created: 2csit6Kmr4cfnE7yoP1pHhk2pL5Tyq4Gm6FP46tjknfS","timestamp":"2025-09-30 16:56:14"}
{"level":"info","message":"Wallet added for user 7779629571: 2csit6Kmr4cfnE7yoP1pHhk2pL5Tyq4Gm6FP46tjknfS","timestamp":"2025-09-30 16:56:14"}
{"level":"info","message":"Response time: 531ms","timestamp":"2025-09-30 16:56:15"}
{"level":"info","message":"Incoming update from user 7779629571 (gennywealf)","timestamp":"2025-09-30 16:56:16"}
{"level":"info","message":"Response time: 1ms","timestamp":"2025-09-30 16:56:16"}
{"level":"info","message":"Incoming update from user 7779629571 (gennywealf)","timestamp":"2025-09-30 16:56:19"}
{"level":"info","message":"Response time: 0ms","timestamp":"2025-09-30 16:56:19"}
{"level":"info","message":"Incoming update from user 7575317047 (Solove_77)","timestamp":"2025-09-30 17:04:21"}
{"level":"info","message":"New wallet created: 7ZvWWkdtfdKtBocn5wzoBQ4e8U3x7WPeu5mN34tdvFgQ","timestamp":"2025-09-30 17:04:21"}
{"level":"info","message":"Wallet added for user 7575317047: 7ZvWWkdtfdKtBocn5wzoBQ4e8U3x7WPeu5mN34tdvFgQ","timestamp":"2025-09-30 17:04:21"}
{"level":"info","message":"Response time: 504ms","timestamp":"2025-09-30 17:04:22"}
{"level":"info","message":"Incoming update from user 7575317047 (Solove_77)","timestamp":"2025-09-30 17:04:38"}
{"level":"info","message":"Response time: 1ms","timestamp":"2025-09-30 17:04:38"}
{"level":"info","message":"Stopping bot...","timestamp":"2025-09-30 17:05:39"}
{"level":"info","message":"Incoming update from user 7575317047 (Solove_77)","timestamp":"2025-09-30 17:09:47"}
{"level":"info","message":"New user initialized: 7575317047 (Solove_77)","timestamp":"2025-09-30 17:09:47"}
{"level":"info","message":"Response time: 724ms","timestamp":"2025-09-30 17:09:48"}
{"level":"info","message":"Incoming update from user 7575317047 (Solove_77)","timestamp":"2025-09-30 17:09:51"}
{"level":"info","message":"New wallet created: F32qBTL15s7WiQqHzga9rHHeuj4fB1YApqMEcUomQXXf","timestamp":"2025-09-30 17:09:51"}
{"level":"info","message":"Wallet added for user 7575317047: F32qBTL15s7WiQqHzga9rHHeuj4fB1YApqMEcUomQXXf","timestamp":"2025-09-30 17:09:51"}
{"level":"info","message":"Response time: 529ms","timestamp":"2025-09-30 17:09:51"}
{"level":"info","message":"Incoming update from user 7575317047 (Solove_77)","timestamp":"2025-09-30 17:10:07"}
{"level":"info","message":"Response time: 2ms","timestamp":"2025-09-30 17:10:07"}
{"level":"info","message":"Incoming update from user 7575317047 (Solove_77)","timestamp":"2025-09-30 17:14:03"}
{"level":"info","message":"Response time: 3ms","timestamp":"2025-09-30 17:14:03"}
{"level":"info","message":"Incoming update from user 7575317047 (Solove_77)","timestamp":"2025-09-30 17:14:09"}
{"level":"info","message":"Response time: 1173ms","timestamp":"2025-09-30 17:14:10"}
{"level":"info","message":"Incoming update from user 7575317047 (Solove_77)","timestamp":"2025-09-30 17:14:26"}
{"level":"info","message":"New wallet created: 6Jvz4YAdLZzQZjD2TJ4W5iWZb8GSrxuzC6E1fULqSayx","timestamp":"2025-09-30 17:14:26"}
{"level":"info","message":"Wallet added for user 7575317047: 6Jvz4YAdLZzQZjD2TJ4W5iWZb8GSrxuzC6E1fULqSayx","timestamp":"2025-09-30 17:14:26"}
{"level":"info","message":"Response time: 474ms","timestamp":"2025-09-30 17:14:27"}
{"level":"info","message":"Incoming update from user 7575317047 (Solove_77)","timestamp":"2025-09-30 17:14:32"}
{"level":"info","message":"Response time: 1ms","timestamp":"2025-09-30 17:14:32"}
{"level":"info","message":"Incoming update from user 7575317047 (Solove_77)","timestamp":"2025-09-30 17:14:39"}
{"level":"info","message":"Response time: 723ms","timestamp":"2025-09-30 17:14:40"}
{"level":"info","message":"Incoming update from user 7575317047 (Solove_77)","timestamp":"2025-09-30 17:35:43"}
{"level":"info","message":"New wallet created: 3yYa8sGWBEQJHqbtjpWcWR4WKiLLqkwNjJzHEKsNtnBw","timestamp":"2025-09-30 17:35:43"}
{"level":"info","message":"Wallet added for user 7575317047: 3yYa8sGWBEQJHqbtjpWcWR4WKiLLqkwNjJzHEKsNtnBw","timestamp":"2025-09-30 17:35:43"}
{"level":"info","message":"Response time: 490ms","timestamp":"2025-09-30 17:35:44"}
{"level":"info","message":"Incoming update from user 7575317047 (Solove_77)","timestamp":"2025-09-30 17:35:48"}
{"level":"info","message":"Response time: 1ms","timestamp":"2025-09-30 17:35:48"}
{"level":"info","message":"Incoming update from user 7575317047 (Solove_77)","timestamp":"2025-09-30 17:44:01"}
{"level":"info","message":"New user initialized: 7575317047 (Solove_77)","timestamp":"2025-09-30 17:44:01"}
{"level":"info","message":"Response time: 501ms","timestamp":"2025-09-30 17:44:01"}
{"level":"info","message":"Incoming update from user 7575317047 (Solove_77)","timestamp":"2025-09-30 17:44:04"}
{"level":"info","message":"New wallet created: 2HLGevGEmFHJLso7WW85SRECQs2omHt8EDSmHubru9hX","timestamp":"2025-09-30 17:44:05"}
{"level":"info","message":"Wallet added for user 7575317047: 2HLGevGEmFHJLso7WW85SRECQs2omHt8EDSmHubru9hX","timestamp":"2025-09-30 17:44:05"}
{"level":"info","message":"Response time: 535ms","timestamp":"2025-09-30 17:44:05"}
{"level":"info","message":"Incoming update from user 7575317047 (Solove_77)","timestamp":"2025-09-30 17:44:08"}
{"level":"info","message":"Response time: 4574ms","timestamp":"2025-09-30 17:44:12"}
{"level":"info","message":"Incoming update from user 7575317047 (Solove_77)","timestamp":"2025-09-30 17:44:12"}
{"level":"error","message":"Middleware error: 400: Bad Request: message is not modified: specified new message content and reply markup are exactly the same as a current content and reply markup of the message","on":{"method":"editMessageText","payload":{"chat_id":7575317047,"message_id":17,"parse_mode":"Markdown","reply_markup":{"inline_keyboard":[[{"callback_data":"wallet_create","hide":false,"text":"➕ Create Wallet"},{"callback_data":"wallet_import","hide":false,"text":"📥 Import Wallet"}],[{"callback_data":"wallet_balance","hide":false,"text":"💰 Balance"},{"callback_data":"wallet_deposit","hide":false,"text":"📤 Deposit"}],[{"callback_data":"wallet_switch","hide":false,"text":"🔄 Switch Wallet"},{"callback_data":"wallet_list","hide":false,"text":"📋 List Wallets"}],[{"callback_data":"wallet_export","hide":false,"text":"🔑 Export Key"},{"callback_data":"wallet_delete","hide":false,"text":"❌ Delete Wallet"}],[{"callback_data":"main_menu","hide":false,"text":"« Back to Menu"}]]},"text":"💼 *Wallet Management*\n\n*Active Wallet:*\nAddress: `2HLGevGEmFHJLso7WW85SRECQs2omHt8EDSmHubru9hX`\nBalance: 0.0000 SOL\nName: Wallet 1759221845032\n\n"}},"response":{"description":"Bad Request: message is not modified: specified new message content and reply markup are exactly the same as a current content and reply markup of the message","error_code":400,"ok":false},"stack":"Error: 400: Bad Request: message is not modified: specified new message content and reply markup are exactly the same as a current content and reply markup of the message\n    at Telegram.callApi (D:\\Learn\\Solana\\bloom-TG-bot\\node_modules\\telegraf\\lib\\core\\network\\client.js:315:19)\n    at process.processTicksAndRejections (node:internal/process/task_queues:95:5)\n    at showWalletMenu (d:\\Learn\\Solana\\bloom-TG-bot\\src\\commands\\wallet.ts:49:7)\n    at <anonymous> (d:\\Learn\\Solana\\bloom-TG-bot\\src\\commands\\wallet.ts:66:5)\n    at async execute (D:\\Learn\\Solana\\bloom-TG-bot\\node_modules\\telegraf\\lib\\composer.js:518:17)\n    at async D:\\Learn\\Solana\\bloom-TG-bot\\node_modules\\telegraf\\lib\\composer.js:519:21\n    at async execute (D:\\Learn\\Solana\\bloom-TG-bot\\node_modules\\telegraf\\lib\\composer.js:518:17)\n    at async D:\\Learn\\Solana\\bloom-TG-bot\\node_modules\\telegraf\\lib\\composer.js:519:21\n    at async execute (D:\\Learn\\Solana\\bloom-TG-bot\\node_modules\\telegraf\\lib\\composer.js:518:17)\n    at async D:\\Learn\\Solana\\bloom-TG-bot\\node_modules\\telegraf\\lib\\composer.js:519:21","timestamp":"2025-09-30 17:44:14"}
{"level":"info","message":"Response time: 2330ms","timestamp":"2025-09-30 17:44:15"}
{"level":"info","message":"Incoming update from user 7575317047 (Solove_77)","timestamp":"2025-09-30 17:44:23"}
{"level":"info","message":"Response time: 478ms","timestamp":"2025-09-30 17:44:23"}
{"level":"info","message":"Incoming update from user 7575317047 (Solove_77)","timestamp":"2025-09-30 17:44:38"}
{"level":"info","message":"Response time: 2902ms","timestamp":"2025-09-30 17:44:41"}
{"level":"info","message":"Incoming update from user 7575317047 (Solove_77)","timestamp":"2025-09-30 17:44:47"}
{"level":"info","message":"Response time: 484ms","timestamp":"2025-09-30 17:44:48"}
{"level":"info","message":"Incoming update from user 7575317047 (Solove_77)","timestamp":"2025-09-30 17:44:50"}
{"level":"info","message":"New wallet created: HLvswTgnr3ZEKU4TTYZXjepba2tAUsmLSmScrQe95ZVH","timestamp":"2025-09-30 17:44:50"}
{"level":"info","message":"Wallet added for user 7575317047: HLvswTgnr3ZEKU4TTYZXjepba2tAUsmLSmScrQe95ZVH","timestamp":"2025-09-30 17:44:50"}
{"level":"info","message":"Response time: 490ms","timestamp":"2025-09-30 17:44:50"}
{"level":"info","message":"Incoming update from user 7575317047 (Solove_77)","timestamp":"2025-09-30 17:44:54"}
{"level":"info","message":"Response time: 1795ms","timestamp":"2025-09-30 17:44:56"}
{"level":"info","message":"Incoming update from user 7575317047 (Solove_77)","timestamp":"2025-09-30 17:45:00"}
{"level":"info","message":"Response time: 804ms","timestamp":"2025-09-30 17:45:01"}
{"level":"info","message":"Incoming update from user 7575317047 (Solove_77)","timestamp":"2025-09-30 17:45:05"}
{"level":"info","message":"Response time: 1490ms","timestamp":"2025-09-30 17:45:07"}
{"level":"info","message":"Incoming update from user 7575317047 (Solove_77)","timestamp":"2025-09-30 17:45:09"}
{"level":"info","message":"Response time: 1175ms","timestamp":"2025-09-30 17:45:11"}
{"level":"info","message":"Incoming update from user 7575317047 (Solove_77)","timestamp":"2025-09-30 17:45:23"}
{"level":"info","message":"Incoming update from user 7575317047 (Solove_77)","timestamp":"2025-09-30 17:45:23"}
{"level":"info","message":"Response time: 6299ms","timestamp":"2025-09-30 17:45:29"}
{"level":"error","message":"Middleware error: 400: Bad Request: query is too old and response timeout expired or query ID is invalid","on":{"method":"answerCallbackQuery","payload":{"callback_query_id":"4865622867399348663"}},"response":{"description":"Bad Request: query is too old and response timeout expired or query ID is invalid","error_code":400,"ok":false},"stack":"Error: 400: Bad Request: query is too old and response timeout expired or query ID is invalid\n    at Telegram.callApi (D:\\Learn\\Solana\\bloom-TG-bot\\node_modules\\telegraf\\lib\\core\\network\\client.js:315:19)\n    at process.processTicksAndRejections (node:internal/process/task_queues:95:5)\n    at <anonymous> (d:\\Learn\\Solana\\bloom-TG-bot\\src\\commands\\wallet.ts:65:5)\n    at async execute (D:\\Learn\\Solana\\bloom-TG-bot\\node_modules\\telegraf\\lib\\composer.js:518:17)\n    at async D:\\Learn\\Solana\\bloom-TG-bot\\node_modules\\telegraf\\lib\\composer.js:519:21\n    at async execute (D:\\Learn\\Solana\\bloom-TG-bot\\node_modules\\telegraf\\lib\\composer.js:518:17)\n    at async D:\\Learn\\Solana\\bloom-TG-bot\\node_modules\\telegraf\\lib\\composer.js:519:21\n    at async execute (D:\\Learn\\Solana\\bloom-TG-bot\\node_modules\\telegraf\\lib\\composer.js:518:17)\n    at async D:\\Learn\\Solana\\bloom-TG-bot\\node_modules\\telegraf\\lib\\composer.js:519:21\n    at async execute (D:\\Learn\\Solana\\bloom-TG-bot\\node_modules\\telegraf\\lib\\composer.js:518:17)","timestamp":"2025-09-30 17:45:55"}
{"level":"info","message":"Response time: 32722ms","timestamp":"2025-09-30 17:45:55"}
{"level":"info","message":"Incoming update from user 7575317047 (Solove_77)","timestamp":"2025-09-30 17:45:56"}
{"level":"info","message":"Incoming update from user 7575317047 (Solove_77)","timestamp":"2025-09-30 17:45:56"}
{"level":"info","message":"Incoming update from user 7575317047 (Solove_77)","timestamp":"2025-09-30 17:45:56"}
{"level":"info","message":"Incoming update from user 7575317047 (Solove_77)","timestamp":"2025-09-30 17:45:56"}
{"level":"info","message":"Incoming update from user 7575317047 (Solove_77)","timestamp":"2025-09-30 17:45:56"}
{"level":"info","message":"Response time: 3ms","timestamp":"2025-09-30 17:45:56"}
{"level":"info","message":"Response time: 2ms","timestamp":"2025-09-30 17:45:56"}
{"level":"info","message":"Response time: 3ms","timestamp":"2025-09-30 17:45:56"}
{"level":"info","message":"Response time: 492ms","timestamp":"2025-09-30 17:45:56"}
{"level":"info","message":"Response time: 1207ms","timestamp":"2025-09-30 17:45:57"}
{"level":"info","message":"Incoming update from user 7575317047 (Solove_77)","timestamp":"2025-09-30 17:46:01"}
{"level":"info","message":"Response time: 1ms","timestamp":"2025-09-30 17:46:01"}
{"level":"info","message":"Incoming update from user 7575317047 (Solove_77)","timestamp":"2025-09-30 17:46:11"}
{"level":"info","message":"Response time: 1422ms","timestamp":"2025-09-30 17:46:12"}
{"level":"info","message":"Incoming update from user 7575317047 (Solove_77)","timestamp":"2025-09-30 17:46:15"}
{"level":"info","message":"Response time: 491ms","timestamp":"2025-09-30 17:46:15"}
{"level":"info","message":"Incoming update from user 7575317047 (Solove_77)","timestamp":"2025-09-30 17:46:19"}
{"level":"info","message":"Response time: 9778ms","timestamp":"2025-09-30 17:46:28"}
{"level":"info","message":"Incoming update from user 7575317047 (Solove_77)","timestamp":"2025-09-30 17:46:29"}
{"level":"info","message":"Response time: 1ms","timestamp":"2025-09-30 17:46:29"}
{"level":"info","message":"Incoming update from user 7575317047 (Solove_77)","timestamp":"2025-09-30 17:46:40"}
{"level":"info","message":"Response time: 488ms","timestamp":"2025-09-30 17:46:40"}
{"level":"info","message":"Incoming update from user 7575317047 (Solove_77)","timestamp":"2025-09-30 17:46:48"}
{"level":"info","message":"Response time: 4179ms","timestamp":"2025-09-30 17:46:53"}
{"level":"info","message":"Incoming update from user 7575317047 (Solove_77)","timestamp":"2025-09-30 17:46:57"}
{"level":"info","message":"Response time: 1873ms","timestamp":"2025-09-30 17:46:59"}
{"level":"info","message":"Incoming update from user 7575317047 (Solove_77)","timestamp":"2025-09-30 17:47:03"}
{"level":"info","message":"Response time: 2061ms","timestamp":"2025-09-30 17:47:05"}
{"level":"info","message":"Created wallets.json file","timestamp":"2025-09-30 18:20:34"}
{"level":"info","message":"Incoming update from user 7575317047 (Solove_77)","timestamp":"2025-09-30 18:20:45"}
{"level":"info","message":"New wallet created: 8uqwBeMTKQxJyRgAoqSRJdyEHXfoX52oFHWgJdVtXRkv","timestamp":"2025-09-30 18:20:46"}
{"level":"info","message":"Response time: 749ms","timestamp":"2025-09-30 18:20:46"}
{"level":"info","message":"Incoming update from user 7575317047 (Solove_77)","timestamp":"2025-09-30 18:20:51"}
{"level":"info","message":"New user initialized: 7575317047 (Solove_77)","timestamp":"2025-09-30 18:20:51"}
{"level":"info","message":"Response time: 712ms","timestamp":"2025-09-30 18:20:51"}
{"level":"info","message":"Incoming update from user 7575317047 (Solove_77)","timestamp":"2025-09-30 18:20:54"}
{"level":"info","message":"New wallet created: BUHDGCMcak9z2gp6vsTGdi7pxUQTQRi38hmoKX8uyik8","timestamp":"2025-09-30 18:20:54"}
{"level":"info","message":"Wallets saved to file","timestamp":"2025-09-30 18:20:54"}
{"level":"info","message":"Wallet saved for user 7575317047: BUHDGCMcak9z2gp6vsTGdi7pxUQTQRi38hmoKX8uyik8","timestamp":"2025-09-30 18:20:54"}
{"level":"info","message":"Wallet added for user 7575317047: BUHDGCMcak9z2gp6vsTGdi7pxUQTQRi38hmoKX8uyik8","timestamp":"2025-09-30 18:20:54"}
{"level":"info","message":"Response time: 733ms","timestamp":"2025-09-30 18:20:55"}
{"level":"info","message":"Incoming update from user 7575317047 (Solove_77)","timestamp":"2025-09-30 18:21:09"}
{"level":"info","message":"Response time: 2755ms","timestamp":"2025-09-30 18:21:12"}
{"level":"info","message":"Incoming update from user 7575317047 (Solove_77)","timestamp":"2025-09-30 18:45:06"}
{"level":"info","message":"New user initialized: 7575317047 (Solove_77)","timestamp":"2025-09-30 18:45:06"}
{"level":"info","message":"Response time: 700ms","timestamp":"2025-09-30 18:45:07"}
{"level":"info","message":"Incoming update from user 7575317047 (Solove_77)","timestamp":"2025-09-30 18:45:09"}
{"level":"info","message":"New wallet created: 8pjsyZXEDxjUkGjNbKtvykitdt3S7T3Kbo7KhXer7gLt","timestamp":"2025-09-30 18:45:09"}
{"level":"info","message":"Wallets saved to file","timestamp":"2025-09-30 18:45:09"}
{"level":"info","message":"Wallet saved for user 7575317047: 8pjsyZXEDxjUkGjNbKtvykitdt3S7T3Kbo7KhXer7gLt","timestamp":"2025-09-30 18:45:09"}
{"level":"info","message":"Wallet added for user 7575317047: 8pjsyZXEDxjUkGjNbKtvykitdt3S7T3Kbo7KhXer7gLt","timestamp":"2025-09-30 18:45:09"}
{"level":"info","message":"Response time: 812ms","timestamp":"2025-09-30 18:45:09"}
{"level":"info","message":"Incoming update from user 7575317047 (Solove_77)","timestamp":"2025-09-30 18:49:05"}
{"level":"info","message":"New user initialized: 7575317047 (Solove_77)","timestamp":"2025-09-30 18:49:05"}
{"level":"info","message":"Response time: 716ms","timestamp":"2025-09-30 18:49:06"}
{"level":"info","message":"Incoming update from user 7575317047 (Solove_77)","timestamp":"2025-09-30 18:49:07"}
{"level":"info","message":"New wallet created: AGx64UCcAeEB7sLfB3s89GBTdK6T43SnKcw8YHeK8sWF","timestamp":"2025-09-30 18:49:07"}
{"level":"info","message":"Wallets saved to file","timestamp":"2025-09-30 18:49:07"}
{"level":"info","message":"Wallet saved for user 7575317047: AGx64UCcAeEB7sLfB3s89GBTdK6T43SnKcw8YHeK8sWF","timestamp":"2025-09-30 18:49:07"}
{"level":"info","message":"Wallet added for user 7575317047: AGx64UCcAeEB7sLfB3s89GBTdK6T43SnKcw8YHeK8sWF","timestamp":"2025-09-30 18:49:07"}
{"level":"info","message":"Response time: 844ms","timestamp":"2025-09-30 18:49:08"}
{"level":"info","message":"Incoming update from user 7575317047 (Solove_77)","timestamp":"2025-09-30 18:49:37"}
{"level":"info","message":"Response time: 2708ms","timestamp":"2025-09-30 18:49:39"}
{"level":"info","message":"Incoming update from user 7575317047 (Solove_77)","timestamp":"2025-09-30 18:49:42"}
{"level":"info","message":"Response time: 697ms","timestamp":"2025-09-30 18:49:43"}
{"level":"info","message":"Incoming update from user 7575317047 (Solove_77)","timestamp":"2025-09-30 18:49:45"}
{"level":"info","message":"Response time: 2729ms","timestamp":"2025-09-30 18:49:48"}
{"level":"info","message":"Incoming update from user 7575317047 (Solove_77)","timestamp":"2025-09-30 18:49:55"}
{"level":"info","message":"Response time: 683ms","timestamp":"2025-09-30 18:49:55"}
{"level":"info","message":"Incoming update from user 7575317047 (Solove_77)","timestamp":"2025-09-30 18:49:58"}
{"level":"info","message":"Response time: 2366ms","timestamp":"2025-09-30 18:50:00"}
{"level":"info","message":"Incoming update from user 7575317047 (Solove_77)","timestamp":"2025-09-30 18:52:59"}
{"level":"info","message":"New user initialized: 7575317047 (Solove_77)","timestamp":"2025-09-30 18:52:59"}
{"level":"info","message":"Response time: 760ms","timestamp":"2025-09-30 18:53:00"}
{"level":"info","message":"Incoming update from user 7575317047 (Solove_77)","timestamp":"2025-09-30 18:56:24"}
{"level":"info","message":"New user initialized: 7575317047 (Solove_77)","timestamp":"2025-09-30 18:56:24"}
{"level":"info","message":"Response time: 1019ms","timestamp":"2025-09-30 18:56:25"}
{"level":"info","message":"Incoming update from user 7575317047 (Solove_77)","timestamp":"2025-09-30 18:56:40"}
{"level":"info","message":"New wallet created: 2rpYeNJos111QJouRRwcZuvPQu31vDGez5bQnpw873HX","timestamp":"2025-09-30 18:56:40"}
{"level":"info","message":"Wallets saved to file","timestamp":"2025-09-30 18:56:40"}
{"level":"info","message":"Wallet saved for user 7575317047: 2rpYeNJos111QJouRRwcZuvPQu31vDGez5bQnpw873HX","timestamp":"2025-09-30 18:56:40"}
{"level":"info","message":"Wallet added for user 7575317047: 2rpYeNJos111QJouRRwcZuvPQu31vDGez5bQnpw873HX","timestamp":"2025-09-30 18:56:40"}
{"level":"info","message":"Response time: 840ms","timestamp":"2025-09-30 18:56:41"}
{"level":"info","message":"Incoming update from user 7575317047 (Solove_77)","timestamp":"2025-09-30 18:56:46"}
{"level":"info","message":"Response time: 2640ms","timestamp":"2025-09-30 18:56:49"}
{"level":"info","message":"Incoming update from user 7575317047 (Solove_77)","timestamp":"2025-09-30 18:56:50"}
{"level":"info","message":"Response time: 689ms","timestamp":"2025-09-30 18:56:51"}
{"level":"info","message":"Incoming update from user 7575317047 (Solove_77)","timestamp":"2025-09-30 18:56:52"}
{"level":"info","message":"Response time: 2356ms","timestamp":"2025-09-30 18:56:55"}
{"level":"info","message":"Incoming update from user 7575317047 (Solove_77)","timestamp":"2025-09-30 18:56:56"}
{"level":"info","message":"Response time: 1360ms","timestamp":"2025-09-30 18:56:58"}
{"level":"info","message":"Incoming update from user 7575317047 (Solove_77)","timestamp":"2025-09-30 18:57:01"}
{"level":"info","message":"Response time: 2346ms","timestamp":"2025-09-30 18:57:04"}
{"level":"info","message":"Incoming update from user 7575317047 (Solove_77)","timestamp":"2025-09-30 18:57:05"}
{"level":"info","message":"Response time: 689ms","timestamp":"2025-09-30 18:57:06"}
{"level":"info","message":"Incoming update from user 7575317047 (Solove_77)","timestamp":"2025-09-30 18:57:14"}
{"level":"info","message":"Wallet imported: 2rpYeNJos111QJouRRwcZuvPQu31vDGez5bQnpw873HX","timestamp":"2025-09-30 18:57:14"}
{"level":"info","message":"Wallets saved to file","timestamp":"2025-09-30 18:57:14"}
{"level":"info","message":"Wallet saved for user 7575317047: 2rpYeNJos111QJouRRwcZuvPQu31vDGez5bQnpw873HX","timestamp":"2025-09-30 18:57:14"}
{"level":"info","message":"Wallet added for user 7575317047: 2rpYeNJos111QJouRRwcZuvPQu31vDGez5bQnpw873HX","timestamp":"2025-09-30 18:57:14"}
{"level":"info","message":"Response time: 1397ms","timestamp":"2025-09-30 18:57:15"}
{"level":"info","message":"Incoming update from user 7575317047 (Solove_77)","timestamp":"2025-09-30 18:57:38"}
{"level":"info","message":"Response time: 673ms","timestamp":"2025-09-30 18:57:39"}
{"level":"info","message":"Stopping bot...","timestamp":"2025-09-30 18:58:04"}
{"level":"info","message":"Incoming update from user 7575317047 (Solove_77)","timestamp":"2025-09-30 19:00:03"}
{"level":"info","message":"New user initialized: 7575317047 (Solove_77)","timestamp":"2025-09-30 19:00:03"}
{"level":"info","message":"Response time: 1027ms","timestamp":"2025-09-30 19:00:04"}
{"level":"info","message":"Incoming update from user 7575317047 (Solove_77)","timestamp":"2025-09-30 19:00:05"}
{"level":"info","message":"Response time: 709ms","timestamp":"2025-09-30 19:00:06"}
{"level":"info","message":"Incoming update from user 7575317047 (Solove_77)","timestamp":"2025-09-30 19:00:16"}
{"level":"info","message":"Response time: 1004ms","timestamp":"2025-09-30 19:00:17"}
{"level":"info","message":"Incoming update from user 7575317047 (Solove_77)","timestamp":"2025-09-30 19:00:18"}
{"level":"info","message":"Response time: 720ms","timestamp":"2025-09-30 19:00:19"}
{"level":"info","message":"Incoming update from user 7575317047 (Solove_77)","timestamp":"2025-09-30 19:00:24"}
{"level":"info","message":"Wallet imported: 2rpYeNJos111QJouRRwcZuvPQu31vDGez5bQnpw873HX","timestamp":"2025-09-30 19:00:24"}
{"level":"info","message":"Wallets saved to file","timestamp":"2025-09-30 19:00:24"}
{"level":"info","message":"Wallet saved for user 7575317047: 2rpYeNJos111QJouRRwcZuvPQu31vDGez5bQnpw873HX","timestamp":"2025-09-30 19:00:24"}
{"level":"info","message":"Wallet added for user 7575317047: 2rpYeNJos111QJouRRwcZuvPQu31vDGez5bQnpw873HX","timestamp":"2025-09-30 19:00:24"}
{"level":"info","message":"Response time: 1546ms","timestamp":"2025-09-30 19:00:25"}
{"level":"info","message":"Incoming update from user 7575317047 (Solove_77)","timestamp":"2025-09-30 19:00:30"}
{"level":"info","message":"Response time: 696ms","timestamp":"2025-09-30 19:00:31"}
{"level":"info","message":"Incoming update from user 7575317047 (Solove_77)","timestamp":"2025-09-30 19:00:37"}
{"level":"info","message":"Response time: 2717ms","timestamp":"2025-09-30 19:00:39"}
{"level":"info","message":"Incoming update from user 7575317047 (Solove_77)","timestamp":"2025-09-30 19:01:01"}
{"level":"info","message":"Response time: 1506ms","timestamp":"2025-09-30 19:01:02"}
{"level":"info","message":"Incoming update from user 7575317047 (Solove_77)","timestamp":"2025-09-30 19:01:05"}
{"level":"info","message":"Response time: 1388ms","timestamp":"2025-09-30 19:01:06"}
{"level":"info","message":"Incoming update from user 7575317047 (Solove_77)","timestamp":"2025-09-30 19:01:12"}
{"level":"info","message":"Response time: 1500ms","timestamp":"2025-09-30 19:01:14"}
{"level":"info","message":"Incoming update from user 7779629571 (gennywealf)","timestamp":"2025-09-30 19:52:12"}
{"level":"error","message":"Middleware error: User not found. Please use /start to initialize.","stack":"Error: User not found. Please use /start to initialize.\n    at UserService.getUser (d:\\Learn\\Solana\\bloom-TG-bot\\src\\services\\userService.ts:74:13)\n    at showWalletMenu (d:\\Learn\\Solana\\bloom-TG-bot\\src\\commands\\wallet.ts:12:36)\n    at <anonymous> (d:\\Learn\\Solana\\bloom-TG-bot\\src\\commands\\wallet.ts:67:11)\n    at process.processTicksAndRejections (node:internal/process/task_queues:95:5)\n    at async execute (D:\\Learn\\Solana\\bloom-TG-bot\\node_modules\\telegraf\\lib\\composer.js:518:17)\n    at async D:\\Learn\\Solana\\bloom-TG-bot\\node_modules\\telegraf\\lib\\composer.js:519:21\n    at async execute (D:\\Learn\\Solana\\bloom-TG-bot\\node_modules\\telegraf\\lib\\composer.js:518:17)\n    at async D:\\Learn\\Solana\\bloom-TG-bot\\node_modules\\telegraf\\lib\\composer.js:519:21\n    at async execute (D:\\Learn\\Solana\\bloom-TG-bot\\node_modules\\telegraf\\lib\\composer.js:518:17)\n    at async D:\\Learn\\Solana\\bloom-TG-bot\\node_modules\\telegraf\\lib\\composer.js:519:21","timestamp":"2025-09-30 19:52:12"}
{"level":"info","message":"Response time: 1408ms","timestamp":"2025-09-30 19:52:13"}
{"level":"info","message":"Incoming update from user 7779629571 (gennywealf)","timestamp":"2025-09-30 19:52:15"}
{"level":"info","message":"New user initialized: 7779629571 (gennywealf)","timestamp":"2025-09-30 19:52:15"}
{"level":"info","message":"Response time: 972ms","timestamp":"2025-09-30 19:52:16"}
{"level":"info","message":"Incoming update from user 7575317047 (Solove_77)","timestamp":"2025-10-01 02:12:33"}
{"level":"info","message":"New user initialized: 7575317047 (Solove_77)","timestamp":"2025-10-01 02:12:33"}
{"level":"info","message":"Response time: 995ms","timestamp":"2025-10-01 02:12:34"}
{"code":"ENOTFOUND","errno":"ENOTFOUND","level":"error","message":"request to https://api.telegram.org/bot8371293322:[REDACTED]/setMyCommands failed, reason: getaddrinfo ENOTFOUND api.telegram.org","stack":"FetchError: request to https://api.telegram.org/bot8371293322:[REDACTED]/setMyCommands failed, reason: getaddrinfo ENOTFOUND api.telegram.org\n    at ClientRequest.<anonymous> (D:\\Learn\\Solana\\bloom-TG-bot\\node_modules\\node-fetch\\lib\\index.js:1501:11)\n    at ClientRequest.emit (node:events:517:28)\n    at TLSSocket.socketErrorListener (node:_http_client:501:9)\n    at TLSSocket.emit (node:events:517:28)\n    at emitErrorNT (node:internal/streams/destroy:151:8)\n    at emitErrorCloseNT (node:internal/streams/destroy:116:3)\n    at process.processTicksAndRejections (node:internal/process/task_queues:82:21)","timestamp":"2025-10-01 02:17:34","type":"system"}
{"level":"info","message":"Incoming update from user 7575317047 (Solove_77)","timestamp":"2025-10-01 02:20:42"}
{"level":"info","message":"Incoming update from user 7575317047 (Solove_77)","timestamp":"2025-10-01 02:20:42"}
{"level":"info","message":"Incoming update from user 7575317047 (Solove_77)","timestamp":"2025-10-01 02:20:42"}
{"level":"info","message":"New user initialized: 7575317047 (Solove_77)","timestamp":"2025-10-01 02:20:42"}
{"level":"info","message":"Response time: 781ms","timestamp":"2025-10-01 02:20:43"}
{"level":"info","message":"Response time: 1046ms","timestamp":"2025-10-01 02:20:43"}
{"level":"info","message":"Response time: 2004ms","timestamp":"2025-10-01 02:20:44"}
{"level":"info","message":"Incoming update from user 7575317047 (Solove_77)","timestamp":"2025-10-01 02:20:48"}
{"level":"info","message":"Response time: 765ms","timestamp":"2025-10-01 02:20:49"}
{"level":"info","message":"Incoming update from user 7575317047 (Solove_77)","timestamp":"2025-10-01 02:30:00"}
{"level":"info","message":"Response time: 1081ms","timestamp":"2025-10-01 02:30:01"}
